Symlinking /home/divyanshu/ORB_SLAM/ORB_SLAM_2_appliedAi/devel/lib/orb_slam2_ros/orb_slam2_ros_rgbd
Symlinking /home/divyanshu/ORB_SLAM/ORB_SLAM_2_appliedAi/devel/lib/orb_slam2_ros/orb_slam2_ros_stereo
Symlinking /home/divyanshu/ORB_SLAM/ORB_SLAM_2_appliedAi/devel/lib/orb_slam2_ros/orb_slam2_ros_mono
Symlinking /home/divyanshu/ORB_SLAM/ORB_SLAM_2_appliedAi/devel/lib/python3/dist-packages/orb_slam2_ros/__init__.py
Symlinking /home/divyanshu/ORB_SLAM/ORB_SLAM_2_appliedAi/devel/lib/python3/dist-packages/orb_slam2_ros/srv/__init__.py
Symlinking /home/divyanshu/ORB_SLAM/ORB_SLAM_2_appliedAi/devel/lib/python3/dist-packages/orb_slam2_ros/srv/_SaveMap.py
Symlinking /home/divyanshu/ORB_SLAM/ORB_SLAM_2_appliedAi/devel/lib/python3/dist-packages/orb_slam2_ros/cfg/__init__.py
Symlinking /home/divyanshu/ORB_SLAM/ORB_SLAM_2_appliedAi/devel/lib/python3/dist-packages/orb_slam2_ros/cfg/dynamic_reconfigureConfig.py
Symlinking /home/divyanshu/ORB_SLAM/ORB_SLAM_2_appliedAi/devel/lib/pkgconfig/orb_slam2_ros.pc
Symlinking /home/divyanshu/ORB_SLAM/ORB_SLAM_2_appliedAi/devel/share/gennodejs/ros/orb_slam2_ros/_index.js
Symlinking /home/divyanshu/ORB_SLAM/ORB_SLAM_2_appliedAi/devel/share/gennodejs/ros/orb_slam2_ros/srv/_index.js
Symlinking /home/divyanshu/ORB_SLAM/ORB_SLAM_2_appliedAi/devel/share/gennodejs/ros/orb_slam2_ros/srv/SaveMap.js
Symlinking /home/divyanshu/ORB_SLAM/ORB_SLAM_2_appliedAi/devel/share/orb_slam2_ros/cmake/orb_slam2_ros-msg-paths.cmake
Symlinking /home/divyanshu/ORB_SLAM/ORB_SLAM_2_appliedAi/devel/share/orb_slam2_ros/cmake/orb_slam2_rosConfig-version.cmake
Symlinking /home/divyanshu/ORB_SLAM/ORB_SLAM_2_appliedAi/devel/share/orb_slam2_ros/cmake/orb_slam2_rosConfig.cmake
Symlinking /home/divyanshu/ORB_SLAM/ORB_SLAM_2_appliedAi/devel/share/orb_slam2_ros/cmake/orb_slam2_ros-msg-extras.cmake
Symlinking /home/divyanshu/ORB_SLAM/ORB_SLAM_2_appliedAi/devel/share/orb_slam2_ros/docs/dynamic_reconfigureConfig.wikidoc
Symlinking /home/divyanshu/ORB_SLAM/ORB_SLAM_2_appliedAi/devel/share/orb_slam2_ros/docs/dynamic_reconfigureConfig-usage.dox
Symlinking /home/divyanshu/ORB_SLAM/ORB_SLAM_2_appliedAi/devel/share/orb_slam2_ros/docs/dynamic_reconfigureConfig.dox
Symlinking /home/divyanshu/ORB_SLAM/ORB_SLAM_2_appliedAi/devel/share/common-lisp/ros/orb_slam2_ros/srv/SaveMap.lisp
Symlinking /home/divyanshu/ORB_SLAM/ORB_SLAM_2_appliedAi/devel/share/common-lisp/ros/orb_slam2_ros/srv/_package.lisp
Symlinking /home/divyanshu/ORB_SLAM/ORB_SLAM_2_appliedAi/devel/share/common-lisp/ros/orb_slam2_ros/srv/orb_slam2_ros-srv.asd
Symlinking /home/divyanshu/ORB_SLAM/ORB_SLAM_2_appliedAi/devel/share/common-lisp/ros/orb_slam2_ros/srv/_package_SaveMap.lisp
Symlinking /home/divyanshu/ORB_SLAM/ORB_SLAM_2_appliedAi/devel/share/roseus/ros/orb_slam2_ros/manifest.l
Symlinking /home/divyanshu/ORB_SLAM/ORB_SLAM_2_appliedAi/devel/share/roseus/ros/orb_slam2_ros/srv/SaveMap.l
Symlinking /home/divyanshu/ORB_SLAM/ORB_SLAM_2_appliedAi/devel/include/orb_slam2_ros/SaveMapResponse.h
Symlinking /home/divyanshu/ORB_SLAM/ORB_SLAM_2_appliedAi/devel/include/orb_slam2_ros/SaveMapRequest.h
Symlinking /home/divyanshu/ORB_SLAM/ORB_SLAM_2_appliedAi/devel/include/orb_slam2_ros/dynamic_reconfigureConfig.h
Symlinking /home/divyanshu/ORB_SLAM/ORB_SLAM_2_appliedAi/devel/include/orb_slam2_ros/SaveMap.h
